UPSTSS501
UPSTSS138
UPSTSS139
UPSTSS152
UPSTSS153
UPSTSS154
UPSTSS155
UPSTSS156
UPSTSS157
UPSTSS158
UPSTSS159
UPSTSS405
UPSTSS406
UPSTSS028
UPSTSS029
UPSTSS030
UPSTSS034
UPSTSS036
UPSTSS140
UPSTSS142
UPSTSS143
UPSTSS144
UPSTSS146
UPSTSS147
UPSTSS149
UPSTSS150
UPSTSS151
UPSTSS024
UPSTSS025
UPSTSS026
UPSTSS027
UPSTSS031
UPSTSS032
UPSTSS033
UPSTSS035
UPSTSS141
UPSTSS145
UPSTSS148
bdptss100
bkktss100
btrtss100
daltss001
daltss002
daltss005
daltss006
daltss101
daltss115
daltss129
daltss132
daltss133
daltss140
daltss148
frstss106
hoetss001
hoetss002
hoetss003
hoetss103
hoetss104
hoetss107
hoetss158
hoetss164
hoetss166
hoetss167
ndgtss001
partss002
prgtss100
scotss001
upstss173
yortss100
yortss101
BTATSS001
BTATSS002
CALTSS004
DARTSS001
DARTSS002
HFXTSS002
MELTSS101
MXCTSS001
NANTSS001
NDJTSS001
QOATSS001
QOATSS002
STJTSS001
UPSTSS119
UPSTSS300 
BMTTSS001 
CGYTSS103
DALTSS122
FFXTSS100
HOETSS122
HOETSS152
HOETSS156
HOETSS176
SHCTSS100
HOETSS100
CALTSS001
CALTSS003
CALTSS005
CALTSS006
HOETSS400 
DALTSS450 
HOETSS450
KULTSS104
KULTSS106
KULTSS004
FRSTSS103
JAKTSS001
JAKTSS002
DALTSS138
LGRTSS101
SHWTSS101
ROCTSS101
LUXTSS101
VIRTSS101
KRKTSS101
BRDTSS101
STJTSS100
SYNTSS008         
FFXTSS105
FFXTSS106
SYNTSS007
DALTSS139
HOETSS168
ATRTSS001
BDPTSS003
CVOTSS001
DALTSS103
DALTSS125
DALTSS126
DALTSS127
DALTSS150
DALTSS151
DALTSS152
DALTSS163
DOHTSS002
ESHTSS300
ESHTSS500
FFXTSS001
FRSTSS001
FRSTSS002
FRSTSS003
GBOTSS001
HNOTSS002
HNOTSS102
HNOTSS104
HOETSS008
HOETSS016
HOETSS101
HOETSS118
HOETSS136
HOETSS159
HOETSS165
HOETSS169
HOETSS171
HOETSS173
KULTSS101
KULTSS102
KULTSS400
KWATSS001
LAGTSS300
LDNTSS001
LHDTSS600
LHDTSS601
LHDTSS602
LSKTSS001
LSKTSS002
MELTSS001
MELTSS002
MKLTSS001
MKLTSS002
MLBTSS002
MSWTSS001
NDGTSS100
NDGTSS101
NDGTSS102
PDRTSS101
SHATSS002
SNGTSS001
SNGTSS002
SNGTSS003
SNGTSS004
SNGTSS100
SNGTSS101
SYNTSS001
SYNTSS002
SYNTSS003
SYNTSS004
SYNTSS005
SYNTSS006
TADTSS002
TADTSS003
TADTSS101
TRPTSS001
UDRTSS100
UDRTSS101
UDRTSS102
UDRTSS103
UDRTSS104
UPSTSS100
UPSTSS101
UPSTSS500
UPSTSS501
