CSDTSS100
DALTSS138
DALTSS244
DOHTSS501
DOUTSS001
ESHTSS500
ESHTSS501
FRSTSS105
FRSTSS501
HOETSS103
HOETSS134
HOETSS148
HOETSS243
HOETSS244
HOETSS601
HOETSS620
HOETSS621
HOETSS701
HRITSS100
HRITSS102
KULTSS600
LHDTSS201
LHDTSS600
LHDTSS601
LHDTSS602
MKLTSS010
SLATSS201
SNGTSS201
SRTTSS100
TRPTSS001
TSSDEV999
UPSTSS106
UPSTSS142
UPSTSS172
UPSTSS500
UPSTSS501
UPSTSS619
UPSTSS620
UPSTSS621
UPSTSS623
UPSTSS624
UPSTSS625
UPSTSS626
UPSTSS629
UPSTSS630
UPSTSS631
UPSTSS632
UPSTSS651
UPSTSS652
UPSTSS653
UPSTSS654
UPSTSS655
UPSTSS656
UPSTSS703
UPSTSS704
UPSTSSPQSU04
YUZTSS001
