ABBTSS001 
BLVTSS001
BRDTSS100
BSRTSS050
CALTSS001
CALTSS003
CALTSS004
CALTSS005
CALTSS006
CHLTSS103
CTCTSS100
DALTSS055
DALTSS138
DALTSS139
DALTSS153
DALTSS163
DOHTSS501
ERHTSS002
ESHTSS500
ESHTSS501
FFXTSS100
FFXTSS103
FFXTSS107
FFXTSS108
FRSTSS105
FRSTSS501
GBOTSS001
HOETSS021
HOETSS103
HOETSS135
HOETSS148
HOETSS152
HOETSS168
HOETSS176
HOETSS620
HOETSS621
HOETSS700
HOETSS704
HRITSS100
HRITSS102
KRKTSS001
LGRTSS001
LHDTSS201
LUXTSS001
MKLTSS010
PCHTSS050
PDRTSS101
ROTTSS100
SHWTSS001
SLATSS201
SNGTSS050
SNGTSS201
SRTTSS100
TADTSS101
TPRTSS001
TPRTSS051
TRPTSS001
TSSDEV999
UDRTSS112
UPSTSS142
UPSTSS172
UPSTSS405
UPSTSS500
UPSTSS501
UPSTSS622
UPSTSS702
UPSTSS705
UPSTSSPQSU02
UPSTSSPQSU03
UPSTSSPQSU04
VIRTSS001
YUZTSS004