BKKTSS050
KULTSS050
KULTSS051
KULTSS052
MELTSS050
MELTSS051
SNGTSS050
LHDTSS050
LHDTSS051
DALTSS055
SYNTSS054
DALTSS050
DALTSS051
DALTSS052
DALTSS053
DALTSS054
FFXTSS050
FFXTSS051
HOETSS050
HOETSS051
HOETSS052
HOETSS053
HOETSS054
SYNTSS052
SYNTSS053
TORTSS050
upstss050
SYNTSS055
SYNTSS050
SYNTSS051
UPSTSS053
ABUTSS050
BSRTSS050
CALTSS050
CALTSS051
CALTSS052
CALTSS053
CALTSS054
CALTSS055
CALTSS056
CALTSS057
CALTSS058
CALTSS059
CALTSS060
CALTSS061
DOHTSS050
ESHTSS050
ESHTSS051
ESHTSS052
FRSTSS050
FRSTSS051
HNOTSS050
IRSTSS050
JAKTSS050
JAKTSS051
JAKTSS052
JAKTSS053
KMETSS050
KRLTSS050
krltss051
LAGTSS050
LDNTSS050
LDNTSS051
LDNTSS052
LFDTSS050
LUATSS050
MKLTSS053
MSWTSS050
PCHTSS050
STJTSS050
UDRTSS050
UDRTSS051
UDRTSS052
UPSTSS051
UPSTSS052
UPSTSS054
UPSTSS055
UPSTSS056
UPSTSS057
UPSTSS058
UPSTSS061
UPSTSS062
UPSTSS063
UPSTSS064
YUZTSS050
UPSTSS059
UPSTSS060
