ABBTSS001
ABBTSS002
ABUTSS001
ABUTSS050
ABUTSS100
AKOTSS101
ANCTSS001
ANTTSS100
ANTTSS101
ANTTSS102
ANTTSS103
ANTTSS104
APPTSS100
APPTSS101
ATRTSS001
AUGTSS100
AUGTSS101
BDPTSS001
BDPTSS002
BDPTSS003
BDPTSS100
BIRTSS001
BKKTSS001
BKKTSS050
BKKTSS100
BKKTSS101
BLVTSS001
BMTTSS001
BMTTSS100
BMTTSS101
BMTTSS103
BMTTSS104
BMTTSS105
BMTTSS106
BMTTSS107
BOGTSS001
BRDTSS100
BRRTSS001
BRRTSS002
BRRTSS100
BRRTSS101
BSRTSS050
BTATSS001
BTATSS002
BTNTSS100
BTRTSS100
BTRTSS101
CALTSS001
CALTSS003
CALTSS004
CALTSS005
CALTSS006
CALTSS007
CALTSS008
CALTSS009
CALTSS050
CALTSS051
CALTSS052
CALTSS053
CALTSS054
CALTSS055
CALTSS056
CALTSS057
CALTSS058
CALTSS059
CALTSS060
CALTSS061
CALTSS102
CALTSS103
CALTSS300
CCATSS100
CGYTSS003
CGYTSS004
CGYTSS100
CGYTSS103
CHLTSS001
CHLTSS100
CHLTSS102
CHLTSS103
CHLTSS104
CLNTSS002
CSSTSS001
CSSTSS003
CSSTSS103
CSSTSS104
CTBTSS001
CTBTSS100
CTCTSS001
CTCTSS100
CTCTSS300
CVOTSS001
CVOTSS100
DALTSS001
DALTSS002
DALTSS003
DALTSS004
DALTSS005
DALTSS006
DALTSS007
DALTSS008
DALTSS009
DALTSS010
DALTSS011
DALTSS020
DALTSS021
DALTSS022
DALTSS023
DALTSS050
DALTSS051
DALTSS052
DALTSS053
DALTSS054
DALTSS055
DALTSS100
DALTSS101
DALTSS103
DALTSS104
DALTSS105
DALTSS108
DALTSS109
DALTSS114
DALTSS115
DALTSS116
DALTSS117
DALTSS118
DALTSS119
DALTSS120
DALTSS122
DALTSS125
DALTSS126
DALTSS127
DALTSS128
DALTSS129
DALTSS130
DALTSS132
DALTSS133
DALTSS134
DALTSS135
DALTSS136
DALTSS138
DALTSS139
DALTSS140
DALTSS141
DALTSS142
DALTSS143
DALTSS144
DALTSS145
DALTSS146
DALTSS147
DALTSS148
DALTSS149
DALTSS150
DALTSS151
DALTSS152
DALTSS153
DALTSS154
DALTSS155
DALTSS156
DALTSS157
DALTSS158
DALTSS159
DALTSS160
DALTSS161
DALTSS162
DALTSS163
DALTSS164
DALTSS165
DALTSS166
DALTSS167
DALTSS168
DALTSS169
DALTSS181
DALTSS182
DALTSS189
DALTSS190
DALTSS191
DALTSS192
DALTSS193
DALTSS194
DALTSS195
DALTSS196
DALTSS197
DALTSS198
DALTSS199
DALTSS200
DALTSS201
DALTSS202
DALTSS203
DALTSS204
DALTSS205
DALTSS206
DALTSS207
DALTSS208
DALTSS209
DALTSS210
DALTSS211
DALTSS212
DALTSS213
DALTSS214
DALTSS215
DALTSS216
DALTSS217
DALTSS218
DALTSS219
DALTSS220
DALTSS221
DALTSS222
DALTSS223
DALTSS224
DALTSS225
DALTSS226
DALTSS227
DALTSS231
DALTSS232
DALTSS300
DALTSS301
DALTSS350
DALTSS402
DALTSS403
DALTSS404
DALTSS405
DARTSS001
DARTSS002
DOHTSS002
DOHTSS050
DOHTSS050
DOUTSS002
EDSTSS001
ERHTSS002
ESHTSS005
ESHTSS006
ESHTSS007
ESHTSS007
ESHTSS008
ESHTSS050
ESHTSS051
ESHTSS052
ESHTSS101
ESHTSS102
ESHTSS103
ESHTSS104
ESHTSS105
ESHTSS107
ESHTSS300
FAWTSS001
FAWTSS100
FAWTSS101
FAWTSS102
FEPTSS101
FFXTSS001
FFXTSS002
FFXTSS003
FFXTSS050
FFXTSS051
FFXTSS100
FFXTSS101
FFXTSS103
FFXTSS104
FFXTSS105
FFXTSS106
FFXTSS107
FFXTSS108
FOSTSS100
FOSTSS100
FRSTSS001
FRSTSS002
FRSTSS003
FRSTSS050
FRSTSS051
FRSTSS101
FRSTSS103
FRSTSS105
FRSTSS106
FRSTSS107
FRSTSS108
GBOTSS001
GTCTSS001
HACTSS601
HACTSS602
HACTSS603
HFXTSS002
HHCTSS001
HIBTSS001
HIBTSS001
HIBTSS100
HIBTSS100
HNOTSS002
HNOTSS003
HNOTSS004
HNOTSS050
HNOTSS101
HNOTSS102
HNOTSS103
HNOTSS104
HOETSS001
HOETSS002
HOETSS003
HOETSS004
HOETSS005
HOETSS006
HOETSS008
HOETSS009
HOETSS010
HOETSS011
HOETSS012
HOETSS014
HOETSS015
HOETSS016
HOETSS017
HOETSS018
HOETSS020
HOETSS021
HOETSS022
HOETSS023
HOETSS024
HOETSS025
HOETSS026
HOETSS027
HOETSS028
HOETSS050
HOETSS051
HOETSS052
HOETSS100
HOETSS101
HOETSS102
HOETSS103
HOETSS104
HOETSS105
HOETSS107
HOETSS108
HOETSS109
HOETSS110
HOETSS111
HOETSS112
HOETSS113
HOETSS115
HOETSS116
HOETSS117
HOETSS118
HOETSS120
HOETSS121
HOETSS122
HOETSS123
HOETSS124
HOETSS125
HOETSS126
HOETSS127
HOETSS128
HOETSS129
HOETSS130
HOETSS132
HOETSS133
HOETSS135
HOETSS136
HOETSS140
HOETSS141
HOETSS142
HOETSS143
HOETSS144
HOETSS147
HOETSS148
HOETSS152
HOETSS154
HOETSS155
HOETSS156
HOETSS158
HOETSS159
HOETSS160
HOETSS164
HOETSS165
HOETSS166
HOETSS167
HOETSS168
HOETSS169
HOETSS171
HOETSS172
HOETSS173
HOETSS174
HOETSS175
HOETSS176
HOETSS177
HOETSS178
HOETSS179
HOETSS180
HOETSS181
HOETSS182
HOETSS183
HOETSS184
HOETSS190
HOETSS192
HOETSS193
HOETSS194
HOETSS195
HOETSS196
HOETSS197
HOETSS198
HOETSS199
HOETSS200
HOETSS201
HOETSS202
HOETSS203
HOETSS208
HOETSS209
HOETSS213
HOETSS400
HOETSS700
HOETSS701
HOETSS705
HOETSS706
HRITSS001
HRITSS100
HRITSS102
IRSTSS001
IRSTSS002
IRSTSS003
IRSTSS050
JAKTSS001
JAKTSS002
JAKTSS050
JAKTSS051
JAKTSS052
JAKTSS053
JAKTSS102
JAKTSS103
JAKTSS300
JNZTSS002
JOLTSS001
JOLTSS100
JOLTSS101
JOLTSS102
JOLTSS103
KMETSS002
KMETSS002
KMETSS050
KRKTSS001
KRLTSS050
KRLTSS051
KULTSS001
KULTSS002
KULTSS003
KULTSS004
KULTSS050
KULTSS051
KULTSS052
KULTSS101
KULTSS102
KULTSS104
KULTSS106
KULTSS107
KULTSS150
KULTSS350
KULTSS400
KWATSS001
KWATSS001
KZATSS002
KZBTSS002
LAGTSS004
LAGTSS005
LAGTSS006
LAGTSS050
LAGTSS103
LAGTSS300
LDNTSS001
LDNTSS003
LDNTSS004
LDNTSS050
LDNTSS051
LDNTSS052
LDNTSS100
LDNTSS103
LDNTSS104
LDNTSS105
LFDTSS004
LFDTSS005
LFDTSS006
LFDTSS050
LGRTSS001
LHDTSS001
LHDTSS002
LHDTSS004
LHDTSS050
LHDTSS051
LHDTSS052
LHDTSS201
LHDTSS300
LHDTSS350
LHDTSS400
LSKTSS001
LSKTSS001
LSKTSS002
LSKTSS100
LSKTSS103
LSKTSS104
LSKTSS105
LSKTSS105
LSKTSS105
LUATSS001
LUATSS003
LUATSS050
LUATSS100
LUATSS300
LUXTSS001
MACTSS004
MACTSS005
MACTSS006
MELTSS001
MELTSS002
MELTSS007
MELTSS050
MELTSS051
MELTSS100
MELTSS101
MKLTSS001
MKLTSS002
MKLTSS003
MKLTSS004
MKLTSS008
MKLTSS009
MKLTSS050
MKLTSS051
MKLTSS052
MKLTSS053
MKLTSS300
MLBTSS002
MLBTSS003
MPPTSS100
MPPTSS101
MSWTSS001
MXCTSS001
NANTSS001
NDGTSS001
NDGTSS100
NDGTSS101
NDGTSS102
NDGTSS106
NDGTSS107
NDJTSS001
OSLTSS001
PARTSS002
PAUTSS002
PCHTSS050
PDRTSS101
POUTSS002
PRGTSS001
PRGTSS100
QHLTSS101
QITTSS004
QITTSS005
QITTSS006
QITTSS007
QOATSS001
QOATSS002
QOATSS003
QOATSS004
ROMTSS001
ROTTSS001
ROTTSS100
ROTTSS101
ROTTSS102
RYDTSS002
SARTSS100
SARTSS101
SARTSS102
SBKTSS001
SCOTSS001
SCOTSS002
SHATSS001
SHATSS002
SHCTSS100
SHWTSS001
SLATSS100
SLATSS201
SNGTSS001
SNGTSS002
SNGTSS003
SNGTSS004
SNGTSS050
SNGTSS100
SNGTSS101
SNGTSS102
SNGTSS103
SNGTSS104
SNGTSS201
SRTTSS001
SRTTSS100
SRTTSS101
STJTSS001
STJTSS050
STJTSS100
SYNTSS001
SYNTSS002
SYNTSS003
SYNTSS004
SYNTSS005
SYNTSS006
SYNTSS007
SYNTSS008
SYNTSS009
SYNTSS010
SYNTSS011
SYNTSS050
SYNTSS051
SYNTSS052
SYNTSS053
SYNTSS054
TADTSS001
TADTSS002
TADTSS002
TADTSS003
TADTSS004
TADTSS004
TADTSS005
TADTSS101
TADTSS102
TORTSS002
TORTSS050
TORTSS100
TORTSS102
TORTSS103
TORTSS104
TORTSS105
UDRTSS050
UDRTSS051
UDRTSS052
UDRTSS100
UDRTSS101
UDRTSS102
UDRTSS103
UDRTSS104
UDRTSS105
UDRTSS106
UDRTSS107
UDRTSS401
UPSTSS016
UPSTSS023
UPSTSS024
UPSTSS025
UPSTSS026
UPSTSS027
UPSTSS028
UPSTSS029
UPSTSS030
UPSTSS031
UPSTSS032
UPSTSS033
UPSTSS034
UPSTSS035
UPSTSS036
UPSTSS037
UPSTSS038
UPSTSS039
UPSTSS040
UPSTSS041
UPSTSS042
UPSTSS043
UPSTSS044
UPSTSS045
UPSTSS046
UPSTSS047
UPSTSS048
UPSTSS050
UPSTSS051
UPSTSS052
UPSTSS053
UPSTSS054
UPSTSS055
UPSTSS056
UPSTSS057
UPSTSS058
UPSTSS059
UPSTSS060
UPSTSS061
UPSTSS062
UPSTSS063
UPSTSS064
UPSTSS100
UPSTSS101
UPSTSS119
UPSTSS125
UPSTSS129
UPSTSS138
UPSTSS139
UPSTSS140
UPSTSS141
UPSTSS142
UPSTSS143
UPSTSS144
UPSTSS145
UPSTSS146
UPSTSS147
UPSTSS148
UPSTSS149
UPSTSS150
UPSTSS151
UPSTSS152
UPSTSS153
UPSTSS154
UPSTSS155
UPSTSS156
UPSTSS157
UPSTSS158
UPSTSS159
UPSTSS161
UPSTSS162
UPSTSS163
UPSTSS164
UPSTSS165
UPSTSS166
UPSTSS167
UPSTSS168
UPSTSS169
UPSTSS170
UPSTSS171
UPSTSS172
UPSTSS173
UPSTSS174
UPSTSS175
UPSTSS176
UPSTSS177
UPSTSS178
UPSTSS179
UPSTSS180
UPSTSS181
UPSTSS182
UPSTSS183
UPSTSS184
UPSTSS185
UPSTSS186
UPSTSS187
UPSTSS188
UPSTSS189
UPSTSS190
UPSTSS191
UPSTSS192
UPSTSS300
UPSTSS350
UPSTSS405
UPSTSS406
UPSTSS407
UPSTSS502
UPSTSS503
UPSTSS504
UPSTSS505
UPSTSS633
UPSTSS633
UPSTSS700
UPSTSS703
UPSTSS704
VFATSS001
VIRTSS001
XDUSTSS001
XUPSTSS124
YORTSS002
YORTSS100
YORTSS101
YORTSS102
YORTSS400
YUZTSS003
YUZTSS004
YUZTSS050
YUZTSS100
YUZTSS300